# JRE version: Java(TM) SE Runtime Environment (8.0_77-b03) (build 1.8.0_77-b03)
# Java VM: Java HotSpot(TM) 64-Bit Server VM (25.77-b03 mixed mode linux-amd64 compressed oops)
Heap:
 PSYoungGen      total 268288K, used 227741K [0x000000076cb00000, 0x000000077db00000, 0x00000007c0000000)
  eden space 258048K, 84% used [0x000000076cb00000,0x0000000779f68978,0x000000077c700000)
  from space 10240K, 99% used [0x000000077d100000,0x000000077dafecb8,0x000000077db00000)
  to   space 10240K, 0% used [0x000000077c700000,0x000000077c700000,0x000000077d100000)
 ParOldGen       total 171008K, used 4135K [0x00000006c6000000, 0x00000006d0700000, 0x000000076cb00000)
  object space 171008K, 2% used [0x00000006c6000000,0x00000006c6409fe8,0x00000006d0700000)
 Metaspace       used 11544K, capacity 11606K, committed 11776K, reserved 1058816K
  class space    used 1449K, capacity 1457K, committed 1536K, reserved 1048576K
GC Heap History (8 events):
Event: 0,681 GC heap before
{Heap before GC invocations=1 (full 0):
 PSYoungGen      total 74752K, used 64512K [0x000000076cb00000, 0x0000000771e00000, 0x00000007c0000000)
  eden space 64512K, 100% used [0x000000076cb00000,0x0000000770a00000,0x0000000770a00000)
  from space 10240K, 0% used [0x0000000771400000,0x0000000771400000,0x0000000771e00000)
  to   space 10240K, 0% used [0x0000000770a00000,0x0000000770a00000,0x0000000771400000)
 ParOldGen       total 171008K, used 0K [0x00000006c6000000, 0x00000006d0700000, 0x000000076cb00000)
  object space 171008K, 0% used [0x00000006c6000000,0x00000006c6000000,0x00000006d0700000)
 Metaspace       used 10802K, capacity 10934K, committed 11264K, reserved 1058816K
  class space    used 1399K, capacity 1425K, committed 1536K, reserved 1048576K
Event: 0,693 GC heap after
Heap after GC invocations=1 (full 0):
 PSYoungGen      total 74752K, used 10239K [0x000000076cb00000, 0x0000000775d00000, 0x00000007c0000000)
  eden space 64512K, 0% used [0x000000076cb00000,0x000000076cb00000,0x0000000770a00000)
  from space 10240K, 99% used [0x0000000770a00000,0x00000007713ffcd0,0x0000000771400000)
  to   space 10240K, 0% used [0x0000000775300000,0x0000000775300000,0x0000000775d00000)
 ParOldGen       total 171008K, used 2492K [0x00000006c6000000, 0x00000006d0700000, 0x000000076cb00000)
  object space 171008K, 1% used [0x00000006c6000000,0x00000006c626f0a0,0x00000006d0700000)
 Metaspace       used 10802K, capacity 10934K, committed 11264K, reserved 1058816K
  class space    used 1399K, capacity 1425K, committed 1536K, reserved 1048576K
}
Event: 1,068 GC heap before
{Heap before GC invocations=2 (full 0):
 PSYoungGen      total 74752K, used 74751K [0x000000076cb00000, 0x0000000775d00000, 0x00000007c0000000)
  eden space 64512K, 100% used [0x000000076cb00000,0x0000000770a00000,0x0000000770a00000)
  from space 10240K, 99% used [0x0000000770a00000,0x00000007713ffcd0,0x0000000771400000)
  to   space 10240K, 0% used [0x0000000775300000,0x0000000775300000,0x0000000775d00000)
 ParOldGen       total 171008K, used 2492K [0x00000006c6000000, 0x00000006d0700000, 0x000000076cb00000)
  object space 171008K, 1% used [0x00000006c6000000,0x00000006c626f0a0,0x00000006d0700000)
 Metaspace       used 11226K, capacity 11286K, committed 11520K, reserved 1058816K
  class space    used 1439K, capacity 1457K, committed 1536K, reserved 1048576K
Event: 1,083 GC heap after
Heap after GC invocations=2 (full 0):
 PSYoungGen      total 139264K, used 10222K [0x000000076cb00000, 0x0000000775d00000, 0x00000007c0000000)
  eden space 129024K, 0% used [0x000000076cb00000,0x000000076cb00000,0x0000000774900000)
  from space 10240K, 99% used [0x0000000775300000,0x0000000775cfbb28,0x0000000775d00000)
  to   space 10240K, 0% used [0x0000000774900000,0x0000000774900000,0x0000000775300000)
 ParOldGen       total 171008K, used 2665K [0x00000006c6000000, 0x00000006d0700000, 0x000000076cb00000)
  object space 171008K, 1% used [0x00000006c6000000,0x00000006c629a718,0x00000006d0700000)
 Metaspace       used 11226K, capacity 11286K, committed 11520K, reserved 1058816K
  class space    used 1439K, capacity 1457K, committed 1536K, reserved 1048576K
}
Event: 1,491 GC heap before
{Heap before GC invocations=3 (full 0):
 PSYoungGen      total 139264K, used 139246K [0x000000076cb00000, 0x0000000775d00000, 0x00000007c0000000)
  eden space 129024K, 100% used [0x000000076cb00000,0x0000000774900000,0x0000000774900000)
  from space 10240K, 99% used [0x0000000775300000,0x0000000775cfbb28,0x0000000775d00000)
  to   space 10240K, 0% used [0x0000000774900000,0x0000000774900000,0x0000000775300000)
 ParOldGen       total 171008K, used 2665K [0x00000006c6000000, 0x00000006d0700000, 0x000000076cb00000)
  object space 171008K, 1% used [0x00000006c6000000,0x00000006c629a718,0x00000006d0700000)
 Metaspace       used 11263K, capacity 11350K, committed 11520K, reserved 1058816K
  class space    used 1439K, capacity 1457K, committed 1536K, reserved 1048576K
Event: 1,502 GC heap after
Heap after GC invocations=3 (full 0):
 PSYoungGen      total 139264K, used 10229K [0x000000076cb00000, 0x000000077db00000, 0x00000007c0000000)
  eden space 129024K, 0% used [0x000000076cb00000,0x000000076cb00000,0x0000000774900000)
  from space 10240K, 99% used [0x0000000774900000,0x00000007752fd528,0x0000000775300000)
  to   space 10240K, 0% used [0x000000077d100000,0x000000077d100000,0x000000077db00000)
 ParOldGen       total 171008K, used 3485K [0x00000006c6000000, 0x00000006d0700000, 0x000000076cb00000)
  object space 171008K, 2% used [0x00000006c6000000,0x00000006c6367728,0x00000006d0700000)
 Metaspace       used 11263K, capacity 11350K, committed 11520K, reserved 1058816K
  class space    used 1439K, capacity 1457K, committed 1536K, reserved 1048576K
}
Event: 1,851 GC heap before
{Heap before GC invocations=4 (full 0):
 PSYoungGen      total 139264K, used 139253K [0x000000076cb00000, 0x000000077db00000, 0x00000007c0000000)
  eden space 129024K, 100% used [0x000000076cb00000,0x0000000774900000,0x0000000774900000)
  from space 10240K, 99% used [0x0000000774900000,0x00000007752fd528,0x0000000775300000)
  to   space 10240K, 0% used [0x000000077d100000,0x000000077d100000,0x000000077db00000)
 ParOldGen       total 171008K, used 3485K [0x00000006c6000000, 0x00000006d0700000, 0x000000076cb00000)
  object space 171008K, 2% used [0x00000006c6000000,0x00000006c6367728,0x00000006d0700000)
 Metaspace       used 11270K, capacity 11350K, committed 11520K, reserved 1058816K
  class space    used 1439K, capacity 1457K, committed 1536K, reserved 1048576K
Event: 1,879 GC heap after
Heap after GC invocations=4 (full 0):
 PSYoungGen      total 268288K, used 10235K [0x000000076cb00000, 0x000000077db00000, 0x00000007c0000000)
  eden space 258048K, 0% used [0x000000076cb00000,0x000000076cb00000,0x000000077c700000)
  from space 10240K, 99% used [0x000000077d100000,0x000000077dafecb8,0x000000077db00000)
  to   space 10240K, 0% used [0x000000077c700000,0x000000077c700000,0x000000077d100000)
 ParOldGen       total 171008K, used 4135K [0x00000006c6000000, 0x00000006d0700000, 0x000000076cb00000)
  object space 171008K, 2% used [0x00000006c6000000,0x00000006c6409fe8,0x00000006d0700000)
 Metaspace       used 11270K, capacity 11350K, committed 11520K, reserved 1058816K
  class space    used 1439K, capacity 1457K, committed 1536K, reserved 1048576K
}

